2021-01-26 23:43:49,042 DEBUG: Init Import To Mongo.
2021-01-26 23:43:49,043 DEBUG: PID = 76556
2021-01-26 23:43:49,084 DEBUG: Connected
2021-01-26 23:43:49,085 DEBUG: Total Lines 202
2021-01-26 23:43:49,085 DEBUG: Start Import
2021-01-26 23:43:49,089 DEBUG: Inserted = 10 10/202
2021-01-26 23:43:49,093 DEBUG: Inserted = 10 20/202
2021-01-26 23:43:49,099 DEBUG: Inserted = 10 30/202
2021-01-26 23:43:49,105 DEBUG: Inserted = 10 40/202
2021-01-26 23:43:49,109 DEBUG: Inserted = 10 50/202
2021-01-26 23:43:49,118 DEBUG: Inserted = 10 60/202
2021-01-26 23:43:49,125 DEBUG: Inserted = 10 70/202
2021-01-26 23:43:49,131 DEBUG: Inserted = 10 80/202
2021-01-26 23:43:49,139 DEBUG: Inserted = 10 90/202
2021-01-26 23:43:49,145 DEBUG: Inserted = 10 100/202
2021-01-26 23:43:49,151 DEBUG: Inserted = 10 110/202
2021-01-26 23:43:49,161 DEBUG: Inserted = 10 120/202
2021-01-26 23:43:49,175 DEBUG: Inserted = 10 130/202
2021-01-26 23:43:49,187 DEBUG: Inserted = 10 140/202
2021-01-26 23:43:49,196 DEBUG: Inserted = 10 150/202
2021-01-26 23:43:49,209 DEBUG: Inserted = 10 160/202
2021-01-26 23:43:49,223 DEBUG: Inserted = 10 170/202
2021-01-26 23:43:49,240 DEBUG: Inserted = 10 180/202
2021-01-26 23:43:49,248 DEBUG: Inserted = 10 190/202
2021-01-26 23:43:49,258 DEBUG: Inserted = 10 200/202
2021-01-26 23:43:49,259 DEBUG: -------------------------------------------
2021-01-26 23:43:49,259 DEBUG: Complete
2021-01-26 23:43:49,259 DEBUG: Insert Limit : 10
2021-01-26 23:43:49,259 DEBUG: Total Lines : 202
2021-01-26 23:43:49,259 DEBUG: Total Inserted : 200
2021-01-26 23:43:49,259 DEBUG: Header : ['HT', 'GCC', '20200430!']
2021-01-26 23:43:49,259 DEBUG: Footer : ['FT', '200!']
2021-01-26 23:43:49,260 DEBUG: -------------------------------------------
2021-01-26 23:43:57,219 DEBUG: Init Import To Mongo.
2021-01-26 23:43:57,219 DEBUG: PID = 76578
2021-01-26 23:43:57,271 DEBUG: Connected
2021-01-26 23:43:57,272 DEBUG: Total Lines 202
2021-01-26 23:43:57,272 DEBUG: Start Import
2021-01-26 23:43:57,280 DEBUG: Inserted = 10 10/202
2021-01-26 23:43:57,288 DEBUG: Inserted = 10 20/202
2021-01-26 23:43:57,294 DEBUG: Inserted = 10 30/202
2021-01-26 23:43:57,298 DEBUG: Inserted = 10 40/202
2021-01-26 23:43:57,303 DEBUG: Inserted = 10 50/202
2021-01-26 23:43:57,311 DEBUG: Inserted = 10 60/202
2021-01-26 23:43:57,317 DEBUG: Inserted = 10 70/202
2021-01-26 23:43:57,325 DEBUG: Inserted = 10 80/202
2021-01-26 23:43:57,331 DEBUG: Inserted = 10 90/202
2021-01-26 23:43:57,348 DEBUG: Inserted = 10 100/202
2021-01-26 23:43:57,356 DEBUG: Inserted = 10 110/202
2021-01-26 23:43:57,364 DEBUG: Inserted = 10 120/202
2021-01-26 23:43:57,373 DEBUG: Inserted = 10 130/202
2021-01-26 23:43:57,384 DEBUG: Inserted = 10 140/202
2021-01-26 23:43:57,396 DEBUG: Inserted = 10 150/202
2021-01-26 23:43:57,404 DEBUG: Inserted = 10 160/202
2021-01-26 23:43:57,412 DEBUG: Inserted = 10 170/202
2021-01-26 23:43:57,420 DEBUG: Inserted = 10 180/202
2021-01-26 23:43:57,427 DEBUG: Inserted = 10 190/202
2021-01-26 23:43:57,437 DEBUG: Inserted = 10 200/202
2021-01-26 23:43:57,437 DEBUG: -------------------------------------------
2021-01-26 23:43:57,438 DEBUG: Complete
2021-01-26 23:43:57,438 DEBUG: Insert Limit : 10
2021-01-26 23:43:57,438 DEBUG: Total Lines : 202
2021-01-26 23:43:57,439 DEBUG: Total Inserted : 200
2021-01-26 23:43:57,439 DEBUG: Header : ['HT', 'GCC', '20200430!']
2021-01-26 23:43:57,439 DEBUG: Footer : ['FT', '200!']
2021-01-26 23:43:57,440 DEBUG: -------------------------------------------
2021-01-26 23:45:56,683 DEBUG: Init Import To Mongo.
2021-01-26 23:45:56,684 DEBUG: PID = 76682
2021-01-26 23:53:43,565 DEBUG: Init Import To Mongo.
2021-01-26 23:53:43,566 DEBUG: PID = 77298
2021-01-27 00:04:22,009 DEBUG: Init Import To Mongo.
2021-01-27 00:04:22,010 DEBUG: PID = 77771
2021-01-27 00:04:22,063 DEBUG: DB Connected host=localhost:27017
2021-01-27 00:04:22,066 DEBUG: Total Lines 202
2021-01-27 00:04:22,066 DEBUG: Start Import
2021-01-27 00:04:22,103 DEBUG: Inserted = 10 10/202
2021-01-27 00:04:22,110 DEBUG: Inserted = 10 20/202
2021-01-27 00:04:22,117 DEBUG: Inserted = 10 30/202
2021-01-27 00:04:22,125 DEBUG: Inserted = 10 40/202
2021-01-27 00:04:22,132 DEBUG: Inserted = 10 50/202
2021-01-27 00:04:22,144 DEBUG: Inserted = 10 60/202
2021-01-27 00:04:22,155 DEBUG: Inserted = 10 70/202
2021-01-27 00:04:22,168 DEBUG: Inserted = 10 80/202
2021-01-27 00:04:22,194 DEBUG: Inserted = 10 90/202
2021-01-27 00:04:22,204 DEBUG: Inserted = 10 100/202
2021-01-27 00:04:22,210 DEBUG: Inserted = 10 110/202
2021-01-27 00:04:22,216 DEBUG: Inserted = 10 120/202
2021-01-27 00:04:22,226 DEBUG: Inserted = 10 130/202
2021-01-27 00:04:22,237 DEBUG: Inserted = 10 140/202
2021-01-27 00:04:22,246 DEBUG: Inserted = 10 150/202
2021-01-27 00:04:22,258 DEBUG: Inserted = 10 160/202
2021-01-27 00:04:22,266 DEBUG: Inserted = 10 170/202
2021-01-27 00:04:22,274 DEBUG: Inserted = 10 180/202
2021-01-27 00:04:22,286 DEBUG: Inserted = 10 190/202
2021-01-27 00:04:22,299 DEBUG: Inserted = 10 200/202
2021-01-27 00:04:22,299 DEBUG: -------------------------------------------
2021-01-27 00:04:22,300 DEBUG: Complete
2021-01-27 00:04:22,300 DEBUG: Insert Limit : 10
2021-01-27 00:04:22,300 DEBUG: Total Lines : 202
2021-01-27 00:04:22,300 DEBUG: Total Inserted : 200
2021-01-27 00:04:22,300 DEBUG: Header : ['HT', 'GCC', '20200430!']
2021-01-27 00:04:22,301 DEBUG: Footer : ['FT', '200!']
2021-01-27 00:04:22,301 DEBUG: -------------------------------------------
